<?xml version="1.0" encoding="UTF-8"?>
<!-- Generated by org.testng.reporters.JUnitXMLReporter -->
<testsuite ignored="8" hostname="DESKTOP-I8MJPTA" failures="3" tests="3" name="addEmpTest" time="19.507" errors="0" timestamp="2023-11-05T20:12:33 TRT">
  <testcase classname="com.neotech.testcases.addEmployeeTest" name="addEmployee" time="0.007">
    <failure type="java.lang.NullPointerException" message="Cannot read field &amp;quot;username&amp;quot; because &amp;quot;com.neotech.testcases.addEmployeeTest.login&amp;quot; is null">
      <![CDATA[java.lang.NullPointerException: Cannot read field "username" because "com.neotech.testcases.addEmployeeTest.login" is null
at com.neotech.testcases.addEmployeeTest.addEmployee(addEmployeeTest.java:20)
at java.base/java.util.ArrayList.forEach(ArrayList.java:1511)
... Removed 25 stack frames]]>
    </failure>
  </testcase> <!-- addEmployee -->
  <testcase classname="com.neotech.testcases.addEmployeeTest" name="addEmployee" time="0.001">
    <failure type="java.lang.NullPointerException" message="Cannot read field &amp;quot;username&amp;quot; because &amp;quot;com.neotech.testcases.addEmployeeTest.login&amp;quot; is null">
      <![CDATA[java.lang.NullPointerException: Cannot read field "username" because "com.neotech.testcases.addEmployeeTest.login" is null
at com.neotech.testcases.addEmployeeTest.addEmployee(addEmployeeTest.java:20)
at java.base/java.util.ArrayList.forEach(ArrayList.java:1511)
... Removed 25 stack frames]]>
    </failure>
  </testcase> <!-- addEmployee -->
  <testcase classname="com.neotech.testcases.addEmployeeTest" name="addEmployee" time="0.001">
    <failure type="java.lang.NullPointerException" message="Cannot read field &amp;quot;username&amp;quot; because &amp;quot;com.neotech.testcases.addEmployeeTest.login&amp;quot; is null">
      <![CDATA[java.lang.NullPointerException: Cannot read field "username" because "com.neotech.testcases.addEmployeeTest.login" is null
at com.neotech.testcases.addEmployeeTest.addEmployee(addEmployeeTest.java:20)
at java.base/java.util.ArrayList.forEach(ArrayList.java:1511)
... Removed 25 stack frames]]>
    </failure>
  </testcase> <!-- addEmployee -->
  <testcase classname="com.neotech.testcases.LoginTest" name="validLogin" time="0.0">
    <ignored/>
  </testcase> <!-- validLogin -->
  <testcase classname="com.neotech.testbase.BaseClass" name="@BeforeTest generateReport" time="0.0">
    <ignored/>
  </testcase> <!-- @BeforeTest generateReport -->
  <testcase classname="com.neotech.testbase.BaseClass" name="@AfterTest writeReport" time="0.0">
    <ignored/>
  </testcase> <!-- @AfterTest writeReport -->
  <testcase classname="com.neotech.testcases.LoginTest" name="invalidPasswordLogin" time="0.0">
    <ignored/>
  </testcase> <!-- invalidPasswordLogin -->
  <testcase classname="com.neotech.testcases.LoginTest" name="emptyPasswordLogin" time="0.0">
    <ignored/>
  </testcase> <!-- emptyPasswordLogin -->
  <testcase classname="com.neotech.testbase.BaseClass" name="@BeforeTest generateReport" time="0.0">
    <ignored/>
  </testcase> <!-- @BeforeTest generateReport -->
  <testcase classname="com.neotech.testbase.BaseClass" name="@AfterTest writeReport" time="0.0">
    <ignored/>
  </testcase> <!-- @AfterTest writeReport -->
  <testcase classname="com.neotech.testcases.EmployeeAddingTest" name="addEmployee" time="0.0">
    <ignored/>
  </testcase> <!-- addEmployee -->
</testsuite> <!-- addEmpTest -->
